# JRE version: Java(TM) SE Runtime Environment (8.0_112-b16) (build 1.8.0_112-b16)
# Java VM: Java HotSpot(TM) 64-Bit Server VM (25.112-b16 mixed mode bsd-amd64 compressed oops)
Heap:
 PSYoungGen      total 941056K, used 684648K [0x000000076ab00000, 0x00000007b0200000, 0x00000007c0000000)
  eden space 770048K, 88% used [0x000000076ab00000,0x00000007940f9cf8,0x0000000799b00000)
  from space 171008K, 3% used [0x00000007a5b00000,0x00000007a61a0630,0x00000007b0200000)
  to   space 183808K, 0% used [0x0000000799b00000,0x0000000799b00000,0x00000007a4e80000)
 ParOldGen       total 788992K, used 351145K [0x00000006c0000000, 0x00000006f0280000, 0x000000076ab00000)
  object space 788992K, 44% used [0x00000006c0000000,0x00000006d56ea6a8,0x00000006f0280000)
 Metaspace       used 71268K, capacity 73002K, committed 73304K, reserved 1112064K
  class space    used 9953K, capacity 10291K, committed 10368K, reserved 1048576K
GC Heap History (10 events):
Event: 1001.299 GC heap before
{Heap before GC invocations=75 (full 7):
 PSYoungGen      total 998912K, used 732746K [0x000000076ab00000, 0x00000007b7700000, 0x00000007c0000000)
  eden space 729600K, 100% used [0x000000076ab00000,0x0000000797380000,0x0000000797380000)
  from space 269312K, 1% used [0x0000000797380000,0x0000000797692bf0,0x00000007a7a80000)
  to   space 253952K, 0% used [0x00000007a7f00000,0x00000007a7f00000,0x00000007b7700000)
 ParOldGen       total 788992K, used 351113K [0x00000006c0000000, 0x00000006f0280000, 0x000000076ab00000)
  object space 788992K, 44% used [0x00000006c0000000,0x00000006d56e26a8,0x00000006f0280000)
 Metaspace       used 70476K, capacity 72096K, committed 72152K, reserved 1112064K
  class space    used 9898K, capacity 10218K, committed 10240K, reserved 1048576K
Event: 1001.317 GC heap after
Heap after GC invocations=75 (full 7):
 PSYoungGen      total 964608K, used 14490K [0x000000076ab00000, 0x00000007b5400000, 0x00000007c0000000)
  eden space 746496K, 0% used [0x000000076ab00000,0x000000076ab00000,0x0000000798400000)
  from space 218112K, 6% used [0x00000007a7f00000,0x00000007a8d26a48,0x00000007b5400000)
  to   space 237568K, 0% used [0x0000000798400000,0x0000000798400000,0x00000007a6c00000)
 ParOldGen       total 788992K, used 351121K [0x00000006c0000000, 0x00000006f0280000, 0x000000076ab00000)
  object space 788992K, 44% used [0x00000006c0000000,0x00000006d56e46a8,0x00000006f0280000)
 Metaspace       used 70476K, capacity 72096K, committed 72152K, reserved 1112064K
  class space    used 9898K, capacity 10218K, committed 10240K, reserved 1048576K
}
Event: 1033.870 GC heap before
{Heap before GC invocations=76 (full 7):
 PSYoungGen      total 964608K, used 760986K [0x000000076ab00000, 0x00000007b5400000, 0x00000007c0000000)
  eden space 746496K, 100% used [0x000000076ab00000,0x0000000798400000,0x0000000798400000)
  from space 218112K, 6% used [0x00000007a7f00000,0x00000007a8d26a48,0x00000007b5400000)
  to   space 237568K, 0% used [0x0000000798400000,0x0000000798400000,0x00000007a6c00000)
 ParOldGen       total 788992K, used 351121K [0x00000006c0000000, 0x00000006f0280000, 0x000000076ab00000)
  object space 788992K, 44% used [0x00000006c0000000,0x00000006d56e46a8,0x00000006f0280000)
 Metaspace       used 70485K, capacity 72096K, committed 72152K, reserved 1112064K
  class space    used 9898K, capacity 10218K, committed 10240K, reserved 1048576K
Event: 1033.879 GC heap after
Heap after GC invocations=76 (full 7):
 PSYoungGen      total 984064K, used 4050K [0x000000076ab00000, 0x00000007b4680000, 0x00000007c0000000)
  eden space 746496K, 0% used [0x000000076ab00000,0x000000076ab00000,0x0000000798400000)
  from space 237568K, 1% used [0x0000000798400000,0x00000007987f4808,0x00000007a6c00000)
  to   space 223744K, 0% used [0x00000007a6c00000,0x00000007a6c00000,0x00000007b4680000)
 ParOldGen       total 788992K, used 351121K [0x00000006c0000000, 0x00000006f0280000, 0x000000076ab00000)
  object space 788992K, 44% used [0x00000006c0000000,0x00000006d56e46a8,0x00000006f0280000)
 Metaspace       used 70485K, capacity 72096K, committed 72152K, reserved 1112064K
  class space    used 9898K, capacity 10218K, committed 10240K, reserved 1048576K
}
Event: 1044.331 GC heap before
{Heap before GC invocations=77 (full 7):
 PSYoungGen      total 984064K, used 750546K [0x000000076ab00000, 0x00000007b4680000, 0x00000007c0000000)
  eden space 746496K, 100% used [0x000000076ab00000,0x0000000798400000,0x0000000798400000)
  from space 237568K, 1% used [0x0000000798400000,0x00000007987f4808,0x00000007a6c00000)
  to   space 223744K, 0% used [0x00000007a6c00000,0x00000007a6c00000,0x00000007b4680000)
 ParOldGen       total 788992K, used 351121K [0x00000006c0000000, 0x00000006f0280000, 0x000000076ab00000)
  object space 788992K, 44% used [0x00000006c0000000,0x00000006d56e46a8,0x00000006f0280000)
 Metaspace       used 70625K, capacity 72256K, committed 72408K, reserved 1112064K
  class space    used 9906K, capacity 10232K, committed 10240K, reserved 1048576K
Event: 1044.341 GC heap after
Heap after GC invocations=77 (full 7):
 PSYoungGen      total 953344K, used 6202K [0x000000076ab00000, 0x00000007b2a00000, 0x00000007c0000000)
  eden space 758784K, 0% used [0x000000076ab00000,0x000000076ab00000,0x0000000799000000)
  from space 194560K, 3% used [0x00000007a6c00000,0x00000007a720ea18,0x00000007b2a00000)
  to   space 209920K, 0% used [0x0000000799000000,0x0000000799000000,0x00000007a5d00000)
 ParOldGen       total 788992K, used 351129K [0x00000006c0000000, 0x00000006f0280000, 0x000000076ab00000)
  object space 788992K, 44% used [0x00000006c0000000,0x00000006d56e66a8,0x00000006f0280000)
 Metaspace       used 70625K, capacity 72256K, committed 72408K, reserved 1112064K
  class space    used 9906K, capacity 10232K, committed 10240K, reserved 1048576K
}
Event: 1070.007 GC heap before
{Heap before GC invocations=78 (full 7):
 PSYoungGen      total 953344K, used 764986K [0x000000076ab00000, 0x00000007b2a00000, 0x00000007c0000000)
  eden space 758784K, 100% used [0x000000076ab00000,0x0000000799000000,0x0000000799000000)
  from space 194560K, 3% used [0x00000007a6c00000,0x00000007a720ea18,0x00000007b2a00000)
  to   space 209920K, 0% used [0x0000000799000000,0x0000000799000000,0x00000007a5d00000)
 ParOldGen       total 788992K, used 351129K [0x00000006c0000000, 0x00000006f0280000, 0x000000076ab00000)
  object space 788992K, 44% used [0x00000006c0000000,0x00000006d56e66a8,0x00000006f0280000)
 Metaspace       used 70821K, capacity 72516K, committed 72792K, reserved 1112064K
  class space    used 9918K, capacity 10254K, committed 10368K, reserved 1048576K
Event: 1070.026 GC heap after
Heap after GC invocations=78 (full 7):
 PSYoungGen      total 764416K, used 5251K [0x000000076ab00000, 0x00000007b1b00000, 0x00000007c0000000)
  eden space 758784K, 0% used [0x000000076ab00000,0x000000076ab00000,0x0000000799000000)
  from space 5632K, 93% used [0x0000000799000000,0x0000000799520d60,0x0000000799580000)
  to   space 196608K, 0% used [0x00000007a5b00000,0x00000007a5b00000,0x00000007b1b00000)
 ParOldGen       total 788992K, used 351137K [0x00000006c0000000, 0x00000006f0280000, 0x000000076ab00000)
  object space 788992K, 44% used [0x00000006c0000000,0x00000006d56e86a8,0x00000006f0280000)
 Metaspace       used 70821K, capacity 72516K, committed 72792K, reserved 1112064K
  class space    used 9918K, capacity 10254K, committed 10368K, reserved 1048576K
}
Event: 1096.187 GC heap before
{Heap before GC invocations=79 (full 7):
 PSYoungGen      total 764416K, used 763315K [0x000000076ab00000, 0x00000007b1b00000, 0x00000007c0000000)
  eden space 758784K, 99% used [0x000000076ab00000,0x0000000798f4c050,0x0000000799000000)
  from space 5632K, 93% used [0x0000000799000000,0x0000000799520d60,0x0000000799580000)
  to   space 196608K, 0% used [0x00000007a5b00000,0x00000007a5b00000,0x00000007b1b00000)
 ParOldGen       total 788992K, used 351137K [0x00000006c0000000, 0x00000006f0280000, 0x000000076ab00000)
  object space 788992K, 44% used [0x00000006c0000000,0x00000006d56e86a8,0x00000006f0280000)
 Metaspace       used 71015K, capacity 72702K, committed 73048K, reserved 1112064K
  class space    used 9929K, capacity 10273K, committed 10368K, reserved 1048576K
Event: 1096.215 GC heap after
Heap after GC invocations=79 (full 7):
 PSYoungGen      total 941056K, used 6785K [0x000000076ab00000, 0x00000007b0200000, 0x00000007c0000000)
  eden space 770048K, 0% used [0x000000076ab00000,0x000000076ab00000,0x0000000799b00000)
  from space 171008K, 3% used [0x00000007a5b00000,0x00000007a61a0630,0x00000007b0200000)
  to   space 183808K, 0% used [0x0000000799b00000,0x0000000799b00000,0x00000007a4e80000)
 ParOldGen       total 788992K, used 351145K [0x00000006c0000000, 0x00000006f0280000, 0x000000076ab00000)
  object space 788992K, 44% used [0x00000006c0000000,0x00000006d56ea6a8,0x00000006f0280000)
 Metaspace       used 71015K, capacity 72702K, committed 73048K, reserved 1112064K
  class space    used 9929K, capacity 10273K, committed 10368K, reserved 1048576K
}

